rider/build/outputs/logs/manifest-merger-release-report.txt
-- Merging decision tree log ---
data
INJECTED from src/main/AndroidManifest.xml:36:17-69
	android:scheme
		INJECTED from src/main/AndroidManifest.xml
		ADDED from src/main/AndroidManifest.xml:36:23-66
manifest
ADDED from src/main/AndroidManifest.xml:2:1-86:12
INJECTED from src/main/AndroidManifest.xml:2:1-86:12
INJECTED from src/main/AndroidManifest.xml:2:1-86:12
INJECTED from src/main/AndroidManifest.xml:2:1-86:12
MERGED from [:common] AndroidManifest.xml:2:1-34:12
MERGED from [androidx.databinding:databinding-adapters:3.6.0-alpha05] AndroidManifest.xml:17:1-24:12
MERGED from [androidx.databinding:databinding-runtime:3.6.0-alpha05] AndroidManifest.xml:17:1-24:12
MERGED from [link.fls:swipestack:0.3.0] AndroidManifest.xml:2:1-16:12
MERGED from [com.github.Innomalist:floatingsearchview:0.3] AndroidManifest.xml:2:1-14:12
MERGED from [com.airbnb.android:lottie:2.7.0] AndroidManifest.xml:2:1-13:12
MERGED from [com.crashlytics.sdk.android:crashlytics:2.9.8] AndroidManifest.xml:2:1-19:12
MERGED from [com.google.android.libraries.places:places:1.0.0] AndroidManifest.xml:2:1-26:12
MERGED from [androidx.multidex:multidex:2.0.1] AndroidManifest.xml:17:1-22:12
MERGED from [com.github.stfalcon:chatkit:0.3.3] AndroidManifest.xml:2:1-9:12
MERGED from [com.firebaseui:firebase-ui:5.0.0] AndroidManifest.xml:2:1-11:12
MERGED from [com.firebaseui:firebase-ui-auth:5.0.0] AndroidManifest.xml:2:1-109:12
MERGED from [com.braintreepayments.api:drop-in:3.7.1] AndroidManifest.xml:2:1-32:12
MERGED from [com.braintreepayments:card-form:3.5.0] AndroidManifest.xml:2:1-11:12
MERGED from [com.google.android.material:material:1.1.0-alpha09] AndroidManifest.xml:17:1-24:12
MERGED from [com.github.sharish:CreditCardView:v1.0.4] AndroidManifest.xml:2:1-17:12
MERGED from [com.github.savvyapps:ToggleButtonLayout:java-SNAPSHOT] AndroidManifest.xml:2:1-11:12
MERGED from [androidx.cardview:cardview:1.0.0] AndroidManifest.xml:17:1-22:12
MERGED from [androidx.constraintlayout:constraintlayout:1.1.3] AndroidManifest.xml:2:1-11:12
MERGED from [com.github.medyo:android-about-page:1.2.1] AndroidManifest.xml:2:1-12:12
MERGED from [de.psdev.licensesdialog:licensesdialog:1.8.3] AndroidManifest.xml:16:6-20:12
MERGED from [com.weiwangcn.betterspinner:library-material:1.1.0] AndroidManifest.xml:2:1-16:12
MERGED from [com.github.tylersuehr7:empty-state-recyclerview:1.0.4] AndroidManifest.xml:2:1-11:12
MERGED from [com.github.yalantis:ucrop:2.2.1] AndroidManifest.xml:2:1-12:12
MERGED from [com.github.esafirm.android-image-picker:imagepicker:2.1.0] AndroidManifest.xml:2:1-32:12
MERGED from [gun0912.ted:tedpermission:2.2.2] AndroidManifest.xml:2:1-17:12
MERGED from [com.afollestad.material-dialogs:core:0.9.6.0] AndroidManifest.xml:2:1-15:12
MERGED from [com.github.MAXDeliveryNG:slideview:1.1.0] AndroidManifest.xml:2:1-14:12
MERGED from [com.rengwuxian.materialedittext:library:2.0.3] AndroidManifest.xml:2:1-10:12
MERGED from [me.zhanghai.android.materialprogressbar:library:1.4.2] AndroidManifest.xml:6:1-16:12
MERGED from [androidx.appcompat:appcompat:1.1.0-rc01] AndroidManifest.xml:17:1-24:12
MERGED from [androidx.appcompat:appcompat-resources:1.1.0-rc01] AndroidManifest.xml:17:1-24:12
MERGED from [com.firebaseui:firebase-ui-storage:5.0.0] AndroidManifest.xml:2:1-11:12
MERGED from [com.github.bumptech.glide:glide:4.9.0] AndroidManifest.xml:2:1-12:12
MERGED from [androidx.vectordrawable:vectordrawable-animated:1.1.0-rc01] AndroidManifest.xml:17:1-24:12
MERGED from [androidx.vectordrawable:vectordrawable:1.1.0-rc01] AndroidManifest.xml:17:1-24:12
MERGED from [com.google.android.gms:play-services-maps:17.0.0] AndroidManifest.xml:17:1-38:12
MERGED from [com.onesignal:OneSignal:3.10.9] AndroidManifest.xml:2:1-107:12
MERGED from [com.google.android.gms:play-services-location:17.0.0] AndroidManifest.xml:2:1-9:12
MERGED from [androidx.viewpager2:viewpager2:1.0.0-beta02] AndroidManifest.xml:17:1-24:12
MERGED from [com.google.maps.android:android-maps-utils:0.5] AndroidManifest.xml:2:1-13:12
MERGED from [com.stripe:stripe-android:1.0.4] AndroidManifest.xml:2:1-11:12
MERGED from [com.firebaseui:firebase-ui-firestore:5.0.0] AndroidManifest.xml:2:1-13:12
MERGED from [com.google.firebase:firebase-firestore:19.0.0] AndroidManifest.xml:2:1-24:12
MERGED from [io.grpc:grpc-android:1.16.1] AndroidManifest.xml:2:1-13:12
MERGED from [de.hdodenhof:circleimageview:2.2.0] AndroidManifest.xml:2:1-11:12
MERGED from [com.tapadoo.android:alerter:2.0.4] AndroidManifest.xml:2:1-20:12
MERGED from [com.braintreepayments.api:braintree:2.18.1] AndroidManifest.xml:2:1-26:12
MERGED from [com.github.ozodrukh:CircularReveal:2.0.1] AndroidManifest.xml:2:1-12:12
MERGED from [com.google.firebase:firebase-analytics:17.0.1] AndroidManifest.xml:2:1-9:12
MERGED from [com.bartoszlipinski:viewpropertyobjectanimator:1.2.0] AndroidManifest.xml:2:1-11:12
MERGED from [com.firebaseui:firebase-ui-database:5.0.0] AndroidManifest.xml:2:1-13:12
MERGED from [androidx.recyclerview:recyclerview:1.1.0-beta01] AndroidManifest.xml:17:1-24:12
MERGED from [com.crashlytics.sdk.android:beta:1.2.10] AndroidManifest.xml:2:1-13:12
MERGED from [com.crashlytics.sdk.android:crashlytics-core:2.6.7] AndroidManifest.xml:45:1-56:12
MERGED from [com.crashlytics.sdk.android:answers:1.4.6] AndroidManifest.xml:2:1-13:12
MERGED from [io.fabric.sdk.android:fabric:1.4.7] AndroidManifest.xml:22:1-33:12
MERGED from [com.android.volley:volley:1.1.1] AndroidManifest.xml:2:1-11:12
MERGED from [com.google.android.gms:play-services-clearcut:16.0.0] AndroidManifest.xml:17:1-24:12
MERGED from [com.google.android.gms:play-services-phenotype:16.0.0] AndroidManifest.xml:17:1-24:12
MERGED from [com.google.firebase:firebase-auth:17.0.0] AndroidManifest.xml:17:1-42:12
MERGED from [com.google.android.gms:play-services-auth:16.0.1] AndroidManifest.xml:17:1-39:12
MERGED from [com.google.firebase:firebase-database:17.0.0] AndroidManifest.xml:15:1-36:12
MERGED from [com.google.firebase:firebase-storage:17.0.0] AndroidManifest.xml:15:1-37:12
MERGED from [com.google.android.gms:play-services-flags:16.0.1] AndroidManifest.xml:17:1-22:12
MERGED from [com.google.firebase:firebase-auth-interop:17.0.0] AndroidManifest.xml:2:1-10:12
MERGED from [com.google.android.gms:play-services-auth-api-phone:16.0.0] AndroidManifest.xml:2:1-7:12
MERGED from [com.google.android.gms:play-services-auth-base:16.0.0] AndroidManifest.xml:2:1-7:12
MERGED from [com.google.firebase:firebase-messaging:18.0.0] AndroidManifest.xml:17:1-37:12
MERGED from [com.google.android.gms:play-services-measurement-api:17.0.1] AndroidManifest.xml:17:1-36:12
MERGED from [com.google.firebase:firebase-iid:19.0.0] AndroidManifest.xml:17:1-47:12
MERGED from [com.google.firebase:firebase-iid-interop:17.0.0] AndroidManifest.xml:2:1-10:12
MERGED from [com.google.android.gms:play-services-base:17.0.0] AndroidManifest.xml:17:1-29:12
MERGED from [com.google.firebase:firebase-common:18.0.0] AndroidManifest.xml:2:1-19:12
MERGED from [com.google.android.gms:play-services-tasks:17.0.0] AndroidManifest.xml:2:1-9:12
MERGED from [com.google.android.gms:play-services-places-placereport:17.0.0] AndroidManifest.xml:17:1-24:12
MERGED from [com.google.android.gms:play-services-measurement:17.0.1] AndroidManifest.xml:17:1-55:12
MERGED from [com.google.android.gms:play-services-measurement-sdk:17.0.1] AndroidManifest.xml:17:1-25:12
MERGED from [com.google.android.gms:play-services-measurement-impl:17.0.1] AndroidManifest.xml:17:1-40:12
MERGED from [com.google.android.gms:play-services-measurement-sdk-api:17.0.1] AndroidManifest.xml:17:1-40:12
MERGED from [com.google.android.gms:play-services-measurement-base:17.0.1] AndroidManifest.xml:2:1-9:12
MERGED from [com.google.android.gms:play-services-stats:17.0.0] AndroidManifest.xml:2:1-9:12
MERGED from [com.google.firebase:firebase-measurement-connector:18.0.0] AndroidManifest.xml:17:1-25:12
MERGED from [com.google.android.gms:play-services-ads-identifier:17.0.0] AndroidManifest.xml:17:1-24:12
MERGED from [com.google.android.gms:play-services-basement:17.0.0] AndroidManifest.xml:17:1-28:12
MERGED from [androidx.legacy:legacy-support-v4:1.0.0] AndroidManifest.xml:17:1-22:12
MERGED from [androidx.databinding:viewbinding:3.6.0-alpha05] AndroidManifest.xml:17:1-22:12
MERGED from [com.paypal.android.sdk:paypal-one-touch:2.18.1] AndroidManifest.xml:2:1-13:12
MERGED from [com.braintreepayments.api:core:2.18.1] AndroidManifest.xml:2:1-11:12
MERGED from [com.braintreepayments:browser-switch:0.1.7] AndroidManifest.xml:2:1-11:12
MERGED from [androidx.browser:browser:1.0.0] AndroidManifest.xml:17:1-22:12
MERGED from [androidx.legacy:legacy-support-core-ui:1.0.0] AndroidManifest.xml:17:1-22:12
MERGED from [androidx.coordinatorlayout:coordinatorlayout:1.1.0-beta01] AndroidManifest.xml:17:1-24:12
MERGED from [androidx.transition:transition:1.0.1] AndroidManifest.xml:17:1-22:12
MERGED from [androidx.lifecycle:lifecycle-extensions:2.0.0] AndroidManifest.xml:17:1-25:12
MERGED from [androidx.fragment:fragment:1.1.0-rc01] AndroidManifest.xml:17:1-24:12
MERGED from [androidx.media:media:1.0.0] AndroidManifest.xml:17:1-22:12
MERGED from [androidx.legacy:legacy-support-core-utils:1.0.0] AndroidManifest.xml:17:1-22:12
MERGED from [androidx.drawerlayout:drawerlayout:1.0.0] AndroidManifest.xml:17:1-22:12
MERGED from [androidx.viewpager:viewpager:1.0.0] AndroidManifest.xml:17:1-22:12
MERGED from [androidx.slidingpanelayout:slidingpanelayout:1.0.0] AndroidManifest.xml:17:1-22:12
MERGED from [androidx.customview:customview:1.0.0] AndroidManifest.xml:17:1-22:12
MERGED from [androidx.loader:loader:1.0.0] AndroidManifest.xml:17:1-22:12
MERGED from [androidx.activity:activity:1.0.0-rc01] AndroidManifest.xml:17:1-24:12
MERGED from [androidx.swiperefreshlayout:swiperefreshlayout:1.0.0] AndroidManifest.xml:17:1-22:12
MERGED from [androidx.asynclayoutinflater:asynclayoutinflater:1.0.0] AndroidManifest.xml:17:1-22:12
MERGED from [androidx.core:core:1.1.0-rc02] AndroidManifest.xml:17:1-26:12
MERGED from [com.firebaseui:firebase-ui-common:5.0.0] AndroidManifest.xml:2:1-11:12
MERGED from [androidx.lifecycle:lifecycle-process:2.0.0] AndroidManifest.xml:17:1-30:12
MERGED from [androidx.lifecycle:lifecycle-service:2.0.0] AndroidManifest.xml:17:1-22:12
MERGED from [androidx.lifecycle:lifecycle-runtime:2.1.0-rc01] AndroidManifest.xml:17:1-22:12
MERGED from [androidx.versionedparcelable:versionedparcelable:1.1.0-rc01] AndroidManifest.xml:17:1-27:12
MERGED from [com.github.bumptech.glide:gifdecoder:4.9.0] AndroidManifest.xml:2:1-11:12
MERGED from [androidx.cursoradapter:cursoradapter:1.0.0] AndroidManifest.xml:17:1-22:12
MERGED from [androidx.interpolator:interpolator:1.0.0] AndroidManifest.xml:17:1-22:12
MERGED from [androidx.documentfile:documentfile:1.0.0] AndroidManifest.xml:17:1-22:12
MERGED from [androidx.localbroadcastmanager:localbroadcastmanager:1.0.0] AndroidManifest.xml:17:1-22:12
MERGED from [androidx.print:print:1.0.0] AndroidManifest.xml:17:1-22:12
MERGED from [androidx.lifecycle:lifecycle-viewmodel:2.1.0-rc01] AndroidManifest.xml:17:1-22:12
MERGED from [androidx.savedstate:savedstate:1.0.0-rc01] AndroidManifest.xml:17:1-24:12
MERGED from [androidx.lifecycle:lifecycle-livedata:2.0.0] AndroidManifest.xml:17:1-22:12
MERGED from [androidx.lifecycle:lifecycle-livedata-core:2.0.0] AndroidManifest.xml:17:1-22:12
MERGED from [androidx.arch.core:core-runtime:2.0.0] AndroidManifest.xml:17:1-22:12
MERGED from [com.google.android:flexbox:1.0.0] AndroidManifest.xml:17:1-27:12
MERGED from [com.braintreepayments.api:visa-checkout:1.0.0] AndroidManifest.xml:2:1-12:12
MERGED from [com.paypal.android.sdk:data-collector:2.18.1] AndroidManifest.xml:2:1-13:12
MERGED from [com.google.firebase:firebase-database-collection:16.0.1] AndroidManifest.xml:2:1-7:12
MERGED from [com.google.firebase:protolite-well-known-types:16.0.1] AndroidManifest.xml:2:1-11:12
INJECTED from src/main/AndroidManifest.xml:2:1-86:12
INJECTED from src/main/AndroidManifest.xml:2:1-86:12
INJECTED from src/main/AndroidManifest.xml:2:1-86:12
	package
		ADDED from src/main/AndroidManifest.xml:4:5-40
		INJECTED from src/main/AndroidManifest.xml
		INJECTED from src/main/AndroidManifest.xml
	android:versionName
		INJECTED from src/main/AndroidManifest.xml
		ADDED from src/main/AndroidManifest.xml:2:1-86:12
		INJECTED from src/main/AndroidManifest.xml
	xmlns:tools
		ADDED from src/main/AndroidManifest.xml:3:5-51
	android:versionCode
		INJECTED from src/main/AndroidManifest.xml
		ADDED from src/main/AndroidManifest.xml:2:1-86:12
		INJECTED from src/main/AndroidManifest.xml
	xmlns:android
		ADDED from src/main/AndroidManifest.xml:2:11-69
uses-permission#android.permission.ACCESS_FINE_LOCATION
ADDED from src/main/AndroidManifest.xml:6:5-79
MERGED from [:common] AndroidManifest.xml:11:5-79
MERGED from [:common] AndroidManifest.xml:11:5-79
MERGED from [com.google.android.libraries.places:places:1.0.0] AndroidManifest.xml:9:5-79
MERGED from [com.google.android.libraries.places:places:1.0.0] AndroidManifest.xml:9:5-79
	android:name
		ADDED from src/main/AndroidManifest.xml:6:22-76
uses-permission#android.permission.ACCESS_COARSE_LOCATION
ADDED from src/main/AndroidManifest.xml:7:5-81
MERGED from [:common] AndroidManifest.xml:12:5-81
MERGED from [:common] AndroidManifest.xml:12:5-81
	android:name
		ADDED from src/main/AndroidManifest.xml:7:22-78
uses-permission#android.permission.INTERNET
ADDED from src/main/AndroidManifest.xml:8:5-67
MERGED from [com.crashlytics.sdk.android:crashlytics:2.9.8] AndroidManifest.xml:9:5-67
MERGED from [com.crashlytics.sdk.android:crashlytics:2.9.8] AndroidManifest.xml:9:5-67
MERGED from [com.google.android.libraries.places:places:1.0.0] AndroidManifest.xml:11:5-67
MERGED from [com.google.android.libraries.places:places:1.0.0] AndroidManifest.xml:11:5-67
MERGED from [com.firebaseui:firebase-ui-auth:5.0.0] AndroidManifest.xml:13:5-67
MERGED from [com.firebaseui:firebase-ui-auth:5.0.0] AndroidManifest.xml:13:5-67
MERGED from [com.braintreepayments.api:drop-in:3.7.1] AndroidManifest.xml:13:5-67
MERGED from [com.braintreepayments.api:drop-in:3.7.1] AndroidManifest.xml:13:5-67
MERGED from [com.google.android.gms:play-services-maps:17.0.0] AndroidManifest.xml:24:5-67
MERGED from [com.google.android.gms:play-services-maps:17.0.0] AndroidManifest.xml:24:5-67
MERGED from [com.onesignal:OneSignal:3.10.9] AndroidManifest.xml:17:5-67
MERGED from [com.onesignal:OneSignal:3.10.9] AndroidManifest.xml:17:5-67
MERGED from [com.firebaseui:firebase-ui-firestore:5.0.0] AndroidManifest.xml:11:5-67
MERGED from [com.firebaseui:firebase-ui-firestore:5.0.0] AndroidManifest.xml:11:5-67
MERGED from [com.google.firebase:firebase-firestore:19.0.0] AndroidManifest.xml:14:5-67
MERGED from [com.google.firebase:firebase-firestore:19.0.0] AndroidManifest.xml:14:5-67
MERGED from [com.braintreepayments.api:braintree:2.18.1] AndroidManifest.xml:12:5-67
MERGED from [com.braintreepayments.api:braintree:2.18.1] AndroidManifest.xml:12:5-67
MERGED from [com.firebaseui:firebase-ui-database:5.0.0] AndroidManifest.xml:11:5-67
MERGED from [com.firebaseui:firebase-ui-database:5.0.0] AndroidManifest.xml:11:5-67
MERGED from [com.crashlytics.sdk.android:beta:1.2.10] AndroidManifest.xml:9:5-67
MERGED from [com.crashlytics.sdk.android:beta:1.2.10] AndroidManifest.xml:9:5-67
MERGED from [com.crashlytics.sdk.android:crashlytics-core:2.6.7] AndroidManifest.xml:52:5-67
MERGED from [com.crashlytics.sdk.android:crashlytics-core:2.6.7] AndroidManifest.xml:52:5-67
MERGED from [com.crashlytics.sdk.android:answers:1.4.6] AndroidManifest.xml:9:5-67
MERGED from [com.crashlytics.sdk.android:answers:1.4.6] AndroidManifest.xml:9:5-67
MERGED from [io.fabric.sdk.android:fabric:1.4.7] AndroidManifest.xml:29:5-67
MERGED from [io.fabric.sdk.android:fabric:1.4.7] AndroidManifest.xml:29:5-67
MERGED from [com.google.firebase:firebase-database:17.0.0] AndroidManifest.xml:26:5-67
MERGED from [com.google.firebase:firebase-database:17.0.0] AndroidManifest.xml:26:5-67
MERGED from [com.google.firebase:firebase-storage:17.0.0] AndroidManifest.xml:27:5-67
MERGED from [com.google.firebase:firebase-storage:17.0.0] AndroidManifest.xml:27:5-67
MERGED from [com.google.android.gms:play-services-measurement-api:17.0.1] AndroidManifest.xml:22:5-67
MERGED from [com.google.android.gms:play-services-measurement-api:17.0.1] AndroidManifest.xml:22:5-67
MERGED from [com.google.firebase:firebase-iid:19.0.0] AndroidManifest.xml:23:5-67
MERGED from [com.google.firebase:firebase-iid:19.0.0] AndroidManifest.xml:23:5-67
MERGED from [com.google.android.gms:play-services-measurement:17.0.1] AndroidManifest.xml:23:5-67
MERGED from [com.google.android.gms:play-services-measurement:17.0.1] AndroidManifest.xml:23:5-67
MERGED from [com.google.android.gms:play-services-measurement-impl:17.0.1] AndroidManifest.xml:23:5-67
MERGED from [com.google.android.gms:play-services-measurement-impl:17.0.1] AndroidManifest.xml:23:5-67
MERGED from [com.google.android.gms:play-services-measurement-sdk-api:17.0.1] AndroidManifest.xml:23:5-67
MERGED from [com.google.android.gms:play-services-measurement-sdk-api:17.0.1] AndroidManifest.xml:23:5-67
MERGED from [com.paypal.android.sdk:paypal-one-touch:2.18.1] AndroidManifest.xml:11:5-67
MERGED from [com.paypal.android.sdk:paypal-one-touch:2.18.1] AndroidManifest.xml:11:5-67
MERGED from [com.paypal.android.sdk:data-collector:2.18.1] AndroidManifest.xml:11:5-67
MERGED from [com.paypal.android.sdk:data-collector:2.18.1] AndroidManifest.xml:11:5-67
	android:name
		ADDED from src/main/AndroidManifest.xml:8:22-64
uses-permission#android.permission.READ_PHONE_STATE
ADDED from src/main/AndroidManifest.xml:9:5-75
	android:name
		ADDED from src/main/AndroidManifest.xml:9:22-72
uses-permission#android.permission.VIBRATE
ADDED from src/main/AndroidManifest.xml:10:5-66
MERGED from [com.onesignal:OneSignal:3.10.9] AndroidManifest.xml:24:5-66
MERGED from [com.onesignal:OneSignal:3.10.9] AndroidManifest.xml:24:5-66
	android:name
		ADDED from src/main/AndroidManifest.xml:10:22-63
uses-permission#android.permission.WRITE_EXTERNAL_STORAGE
ADDED from src/main/AndroidManifest.xml:11:5-81
MERGED from [:common] AndroidManifest.xml:15:5-81
MERGED from [:common] AndroidManifest.xml:15:5-81
MERGED from [com.github.esafirm.android-image-picker:imagepicker:2.1.0] AndroidManifest.xml:12:5-81
MERGED from [com.github.esafirm.android-image-picker:imagepicker:2.1.0] AndroidManifest.xml:12:5-81
	android:name
		ADDED from src/main/AndroidManifest.xml:11:22-78
uses-permission#android.permission.CALL_PHONE
ADDED from src/main/AndroidManifest.xml:12:5-69
	android:name
		ADDED from src/main/AndroidManifest.xml:12:22-66
uses-permission#android.permission.ACCESS_NETWORK_STATE
ADDED from src/main/AndroidManifest.xml:13:5-79
MERGED from [:common] AndroidManifest.xml:13:5-79
MERGED from [:common] AndroidManifest.xml:13:5-79
MERGED from [com.firebaseui:firebase-ui-auth:5.0.0] AndroidManifest.xml:12:5-79
MERGED from [com.firebaseui:firebase-ui-auth:5.0.0] AndroidManifest.xml:12:5-79
MERGED from [com.braintreepayments.api:drop-in:3.7.1] AndroidManifest.xml:12:5-79
MERGED from [com.braintreepayments.api:drop-in:3.7.1] AndroidManifest.xml:12:5-79
MERGED from [com.google.android.gms:play-services-maps:17.0.0] AndroidManifest.xml:23:5-79
MERGED from [com.google.android.gms:play-services-maps:17.0.0] AndroidManifest.xml:23:5-79
MERGED from [com.onesignal:OneSignal:3.10.9] AndroidManifest.xml:25:5-79
MERGED from [com.onesignal:OneSignal:3.10.9] AndroidManifest.xml:25:5-79
MERGED from [com.google.firebase:firebase-firestore:19.0.0] AndroidManifest.xml:13:5-79
MERGED from [com.google.firebase:firebase-firestore:19.0.0] AndroidManifest.xml:13:5-79
MERGED from [io.grpc:grpc-android:1.16.1] AndroidManifest.xml:11:5-79
MERGED from [io.grpc:grpc-android:1.16.1] AndroidManifest.xml:11:5-79
MERGED from [com.braintreepayments.api:braintree:2.18.1] AndroidManifest.xml:11:5-79
MERGED from [com.braintreepayments.api:braintree:2.18.1] AndroidManifest.xml:11:5-79
MERGED from [com.google.firebase:firebase-database:17.0.0] AndroidManifest.xml:25:5-79
MERGED from [com.google.firebase:firebase-database:17.0.0] AndroidManifest.xml:25:5-79
MERGED from [com.google.firebase:firebase-storage:17.0.0] AndroidManifest.xml:26:5-79
MERGED from [com.google.firebase:firebase-storage:17.0.0] AndroidManifest.xml:26:5-79
MERGED from [com.google.android.gms:play-services-measurement-api:17.0.1] AndroidManifest.xml:23:5-79
MERGED from [com.google.android.gms:play-services-measurement-api:17.0.1] AndroidManifest.xml:23:5-79
MERGED from [com.google.firebase:firebase-iid:19.0.0] AndroidManifest.xml:22:5-79
MERGED from [com.google.firebase:firebase-iid:19.0.0] AndroidManifest.xml:22:5-79
MERGED from [com.google.android.gms:play-services-measurement:17.0.1] AndroidManifest.xml:24:5-79
MERGED from [com.google.android.gms:play-services-measurement:17.0.1] AndroidManifest.xml:24:5-79
MERGED from [com.google.android.gms:play-services-measurement-impl:17.0.1] AndroidManifest.xml:24:5-79
MERGED from [com.google.android.gms:play-services-measurement-impl:17.0.1] AndroidManifest.xml:24:5-79
MERGED from [com.google.android.gms:play-services-measurement-sdk-api:17.0.1] AndroidManifest.xml:24:5-79
MERGED from [com.google.android.gms:play-services-measurement-sdk-api:17.0.1] AndroidManifest.xml:24:5-79
	android:name
		ADDED from src/main/AndroidManifest.xml:13:22-76
uses-permission#android.permission.RECORD_AUDIO
ADDED from src/main/AndroidManifest.xml:14:5-71
	android:name
		ADDED from src/main/AndroidManifest.xml:14:22-68
application
ADDED from src/main/AndroidManifest.xml:16:5-84:19
MERGED from [:common] AndroidManifest.xml:17:5-32:19
MERGED from [:common] AndroidManifest.xml:17:5-32:19
MERGED from [link.fls:swipestack:0.3.0] AndroidManifest.xml:11:5-14:38
MERGED from [link.fls:swipestack:0.3.0] AndroidManifest.xml:11:5-14:38
MERGED from [com.github.Innomalist:floatingsearchview:0.3] AndroidManifest.xml:12:5-20
MERGED from [com.github.Innomalist:floatingsearchview:0.3] AndroidManifest.xml:12:5-20
MERGED from [com.airbnb.android:lottie:2.7.0] AndroidManifest.xml:11:5-20
MERGED from [com.airbnb.android:lottie:2.7.0] AndroidManifest.xml:11:5-20
MERGED from [com.crashlytics.sdk.android:crashlytics:2.9.8] AndroidManifest.xml:11:5-17:19
MERGED from [com.crashlytics.sdk.android:crashlytics:2.9.8] AndroidManifest.xml:11:5-17:19
MERGED from [com.google.android.libraries.places:places:1.0.0] AndroidManifest.xml:13:5-24:19
MERGED from [com.google.android.libraries.places:places:1.0.0] AndroidManifest.xml:13:5-24:19
MERGED from [com.firebaseui:firebase-ui-auth:5.0.0] AndroidManifest.xml:15:5-107:19
MERGED from [com.firebaseui:firebase-ui-auth:5.0.0] AndroidManifest.xml:15:5-107:19
MERGED from [com.braintreepayments.api:drop-in:3.7.1] AndroidManifest.xml:15:5-30:19
MERGED from [com.braintreepayments.api:drop-in:3.7.1] AndroidManifest.xml:15:5-30:19
MERGED from [com.google.android.material:material:1.1.0-alpha09] AndroidManifest.xml:22:5-20
MERGED from [com.google.android.material:material:1.1.0-alpha09] AndroidManifest.xml:22:5-20
MERGED from [com.github.sharish:CreditCardView:v1.0.4] AndroidManifest.xml:11:5-15:19
MERGED from [com.github.sharish:CreditCardView:v1.0.4] AndroidManifest.xml:11:5-15:19
MERGED from [androidx.constraintlayout:constraintlayout:1.1.3] AndroidManifest.xml:9:5-20
MERGED from [androidx.constraintlayout:constraintlayout:1.1.3] AndroidManifest.xml:9:5-20
MERGED from [de.psdev.licensesdialog:licensesdialog:1.8.3] AndroidManifest.xml:19:5-19
MERGED from [de.psdev.licensesdialog:licensesdialog:1.8.3] AndroidManifest.xml:19:5-19
MERGED from [com.weiwangcn.betterspinner:library-material:1.1.0] AndroidManifest.xml:11:5-14:19
MERGED from [com.weiwangcn.betterspinner:library-material:1.1.0] AndroidManifest.xml:11:5-14:19
MERGED from [com.github.esafirm.android-image-picker:imagepicker:2.1.0] AndroidManifest.xml:15:5-30:19
MERGED from [com.github.esafirm.android-image-picker:imagepicker:2.1.0] AndroidManifest.xml:15:5-30:19
MERGED from [gun0912.ted:tedpermission:2.2.2] AndroidManifest.xml:9:5-15:19
MERGED from [gun0912.ted:tedpermission:2.2.2] AndroidManifest.xml:9:5-15:19
MERGED from [com.afollestad.material-dialogs:core:0.9.6.0] AndroidManifest.xml:13:5-20
MERGED from [com.afollestad.material-dialogs:core:0.9.6.0] AndroidManifest.xml:13:5-20
MERGED from [com.github.MAXDeliveryNG:slideview:1.1.0] AndroidManifest.xml:12:5-20
MERGED from [com.github.MAXDeliveryNG:slideview:1.1.0] AndroidManifest.xml:12:5-20
MERGED from [com.github.bumptech.glide:glide:4.9.0] AndroidManifest.xml:10:5-20
MERGED from [com.github.bumptech.glide:glide:4.9.0] AndroidManifest.xml:10:5-20
MERGED from [com.google.android.gms:play-services-maps:17.0.0] AndroidManifest.xml:30:5-36:19
MERGED from [com.google.android.gms:play-services-maps:17.0.0] AndroidManifest.xml:30:5-36:19
MERGED from [com.onesignal:OneSignal:3.10.9] AndroidManifest.xml:49:5-105:19
MERGED from [com.onesignal:OneSignal:3.10.9] AndroidManifest.xml:49:5-105:19
MERGED from [com.google.android.gms:play-services-location:17.0.0] AndroidManifest.xml:7:5-20
MERGED from [com.google.android.gms:play-services-location:17.0.0] AndroidManifest.xml:7:5-20
MERGED from [com.google.maps.android:android-maps-utils:0.5] AndroidManifest.xml:7:5-11:19
MERGED from [com.google.maps.android:android-maps-utils:0.5] AndroidManifest.xml:7:5-11:19
MERGED from [com.google.firebase:firebase-firestore:19.0.0] AndroidManifest.xml:16:5-22:19
MERGED from [com.google.firebase:firebase-firestore:19.0.0] AndroidManifest.xml:16:5-22:19
MERGED from [de.hdodenhof:circleimageview:2.2.0] AndroidManifest.xml:9:5-20
MERGED from [de.hdodenhof:circleimageview:2.2.0] AndroidManifest.xml:9:5-20
MERGED from [com.tapadoo.android:alerter:2.0.4] AndroidManifest.xml:12:5-18:19
MERGED from [com.tapadoo.android:alerter:2.0.4] AndroidManifest.xml:12:5-18:19
MERGED from [com.braintreepayments.api:braintree:2.18.1] AndroidManifest.xml:14:5-24:19
MERGED from [com.braintreepayments.api:braintree:2.18.1] AndroidManifest.xml:14:5-24:19
MERGED from [com.github.ozodrukh:CircularReveal:2.0.1] AndroidManifest.xml:10:5-20
MERGED from [com.github.ozodrukh:CircularReveal:2.0.1] AndroidManifest.xml:10:5-20
MERGED from [com.google.firebase:firebase-analytics:17.0.1] AndroidManifest.xml:7:5-20
MERGED from [com.google.firebase:firebase-analytics:17.0.1] AndroidManifest.xml:7:5-20
MERGED from [com.crashlytics.sdk.android:beta:1.2.10] AndroidManifest.xml:11:5-20
MERGED from [com.crashlytics.sdk.android:beta:1.2.10] AndroidManifest.xml:11:5-20
MERGED from [com.crashlytics.sdk.android:crashlytics-core:2.6.7] AndroidManifest.xml:54:5-20
MERGED from [com.crashlytics.sdk.android:crashlytics-core:2.6.7] AndroidManifest.xml:54:5-20
MERGED from [com.crashlytics.sdk.android:answers:1.4.6] AndroidManifest.xml:11:5-20
MERGED from [com.crashlytics.sdk.android:answers:1.4.6] AndroidManifest.xml:11:5-20
MERGED from [io.fabric.sdk.android:fabric:1.4.7] AndroidManifest.xml:31:5-20
MERGED from [io.fabric.sdk.android:fabric:1.4.7] AndroidManifest.xml:31:5-20
MERGED from [com.android.volley:volley:1.1.1] AndroidManifest.xml:9:5-20
MERGED from [com.android.volley:volley:1.1.1] AndroidManifest.xml:9:5-20
MERGED from [com.google.android.gms:play-services-clearcut:16.0.0] AndroidManifest.xml:22:5-20
MERGED from [com.google.android.gms:play-services-clearcut:16.0.0] AndroidManifest.xml:22:5-20
MERGED from [com.google.android.gms:play-services-phenotype:16.0.0] AndroidManifest.xml:22:5-20
MERGED from [com.google.android.gms:play-services-phenotype:16.0.0] AndroidManifest.xml:22:5-20
MERGED from [com.google.firebase:firebase-auth:17.0.0] AndroidManifest.xml:23:5-40:19
MERGED from [com.google.firebase:firebase-auth:17.0.0] AndroidManifest.xml:23:5-40:19
MERGED from [com.google.android.gms:play-services-auth:16.0.1] AndroidManifest.xml:22:5-37:19
MERGED from [com.google.android.gms:play-services-auth:16.0.1] AndroidManifest.xml:22:5-37:19
MERGED from [com.google.firebase:firebase-database:17.0.0] AndroidManifest.xml:28:5-34:19
MERGED from [com.google.firebase:firebase-database:17.0.0] AndroidManifest.xml:28:5-34:19
MERGED from [com.google.firebase:firebase-storage:17.0.0] AndroidManifest.xml:29:5-35:19
MERGED from [com.google.firebase:firebase-storage:17.0.0] AndroidManifest.xml:29:5-35:19
MERGED from [com.google.firebase:firebase-auth-interop:17.0.0] AndroidManifest.xml:7:5-8:19
MERGED from [com.google.firebase:firebase-auth-interop:17.0.0] AndroidManifest.xml:7:5-8:19
MERGED from [com.google.firebase:firebase-messaging:18.0.0] AndroidManifest.xml:22:5-35:19
MERGED from [com.google.firebase:firebase-messaging:18.0.0] AndroidManifest.xml:22:5-35:19
MERGED from [com.google.android.gms:play-services-measurement-api:17.0.1] AndroidManifest.xml:26:5-34:19
MERGED from [com.google.android.gms:play-services-measurement-api:17.0.1] AndroidManifest.xml:26:5-34:19
MERGED from [com.google.firebase:firebase-iid:19.0.0] AndroidManifest.xml:28:5-45:19
MERGED from [com.google.firebase:firebase-iid:19.0.0] AndroidManifest.xml:28:5-45:19
MERGED from [com.google.firebase:firebase-iid-interop:17.0.0] AndroidManifest.xml:7:5-8:19
MERGED from [com.google.firebase:firebase-iid-interop:17.0.0] AndroidManifest.xml:7:5-8:19
MERGED from [com.google.android.gms:play-services-base:17.0.0] AndroidManifest.xml:22:5-27:19
MERGED from [com.google.android.gms:play-services-base:17.0.0] AndroidManifest.xml:22:5-27:19
MERGED from [com.google.firebase:firebase-common:18.0.0] AndroidManifest.xml:11:5-17:19
MERGED from [com.google.firebase:firebase-common:18.0.0] AndroidManifest.xml:11:5-17:19
MERGED from [com.google.android.gms:play-services-tasks:17.0.0] AndroidManifest.xml:7:5-20
MERGED from [com.google.android.gms:play-services-tasks:17.0.0] AndroidManifest.xml:7:5-20
MERGED from [com.google.android.gms:play-services-places-placereport:17.0.0] AndroidManifest.xml:22:5-20
MERGED from [com.google.android.gms:play-services-places-placereport:17.0.0] AndroidManifest.xml:22:5-20